ELF Header:
  Magic:   7f 45 4c 46 02 01 01 00 00 00 00 00 00 00 00 00 
  Class:                             ELF64
  Data:                              2's complement, little endian
  Version:                           1 (current)
  OS/ABI:                            UNIX - System V
  ABI Version:                       0
  Type:                              DYN (Position-Independent Executable file)
  Machine:                           Advanced Micro Devices X86-64
  Version:                           0x1
  Entry point address:               0x1080
  Start of program headers:          64 (bytes into file)
  Start of section headers:          13688 (bytes into file)
  Flags:                             0x0
  Size of this header:               64 (bytes)
  Size of program headers:           56 (bytes)
  Number of program headers:         13
  Size of section headers:           64 (bytes)
  Number of section headers:         30
  Section header string table index: 29

Section Headers:
  [Nr] Name              Type             Address           Offset
       Size              EntSize          Flags  Link  Info  Align
  [ 0]                   NULL             0000000000000000  00000000
       0000000000000000  0000000000000000           0     0     0
  [ 1] .interp           PROGBITS         0000000000000318  00000318
       000000000000001c  0000000000000000   A       0     0     1
  [ 2] .note.gnu.pr[...] NOTE             0000000000000338  00000338
       0000000000000030  0000000000000000   A       0     0     8
  [ 3] .note.ABI-tag     NOTE             0000000000000368  00000368
       0000000000000020  0000000000000000   A       0     0     4
  [ 4] .gnu.hash         GNU_HASH         0000000000000388  00000388
       0000000000000024  0000000000000000   A       5     0     8
  [ 5] .dynsym           DYNSYM           00000000000003b0  000003b0
       00000000000000f0  0000000000000018   A       6     1     8
  [ 6] .dynstr           STRTAB           00000000000004a0  000004a0
       00000000000000a0  0000000000000000   A       0     0     1
  [ 7] .gnu.version      VERSYM           0000000000000540  00000540
       0000000000000014  0000000000000002   A       5     0     2
  [ 8] .gnu.version_r    VERNEED          0000000000000558  00000558
       0000000000000030  0000000000000000   A       6     1     8
  [ 9] .rela.dyn         RELA             0000000000000588  00000588
       00000000000000c0  0000000000000018   A       5     0     8
  [10] .rela.plt         RELA             0000000000000648  00000648
       0000000000000060  0000000000000018  AI       5    23     8
  [11] .init             PROGBITS         0000000000001000  00001000
       0000000000000017  0000000000000000  AX       0     0     4
  [12] .plt              PROGBITS         0000000000001020  00001020
       0000000000000050  0000000000000010  AX       0     0     16
  [13] .plt.got          PROGBITS         0000000000001070  00001070
       0000000000000008  0000000000000008  AX       0     0     8
  [14] .text             PROGBITS         0000000000001080  00001080
       0000000000000173  0000000000000000  AX       0     0     16
  [15] .fini             PROGBITS         00000000000011f4  000011f4
       0000000000000009  0000000000000000  AX       0     0     4
  [16] .rodata           PROGBITS         0000000000002000  00002000
       0000000000000024  0000000000000000   A       0     0     4
  [17] .eh_frame_hdr     PROGBITS         0000000000002024  00002024
       000000000000002c  0000000000000000   A       0     0     4
  [18] .eh_frame         PROGBITS         0000000000002050  00002050
       00000000000000ac  0000000000000000   A       0     0     8
  [19] .init_array       INIT_ARRAY       0000000000003dd0  00002dd0
       0000000000000008  0000000000000008  WA       0     0     8
  [20] .fini_array       FINI_ARRAY       0000000000003dd8  00002dd8
       0000000000000008  0000000000000008  WA       0     0     8
  [21] .dynamic          DYNAMIC          0000000000003de0  00002de0
       00000000000001e0  0000000000000010  WA       6     0     8
  [22] .got              PROGBITS         0000000000003fc0  00002fc0
       0000000000000028  0000000000000008  WA       0     0     8
  [23] .got.plt          PROGBITS         0000000000003fe8  00002fe8
       0000000000000038  0000000000000008  WA       0     0     8
  [24] .data             PROGBITS         0000000000004020  00003020
       0000000000000010  0000000000000000  WA       0     0     8
  [25] .bss              NOBITS           0000000000004030  00003030
       0000000000000008  0000000000000000  WA       0     0     1
  [26] .comment          PROGBITS         0000000000000000  00003030
       0000000000000055  0000000000000001  MS       0     0     1
  [27] .symtab           SYMTAB           0000000000000000  00003088
       0000000000000288  0000000000000018          28     6     8
  [28] .strtab           STRTAB           0000000000000000  00003310
       000000000000015f  0000000000000000           0     0     1
  [29] .shstrtab         STRTAB           0000000000000000  0000346f
       0000000000000107  0000000000000000           0     0     1
Key to Flags:
  W (write), A (alloc), X (execute), M (merge), S (strings), I (info),
  L (link order), O (extra OS processing required), G (group), T (TLS),
  C (compressed), x (unknown), o (OS specific), E (exclude),
  D (mbind), l (large), p (processor specific)

There are no section groups in this file.

Program Headers:
  Type           Offset             VirtAddr           PhysAddr
                 FileSiz            MemSiz              Flags  Align
  PHDR           0x0000000000000040 0x0000000000000040 0x0000000000000040
                 0x00000000000002d8 0x00000000000002d8  R      0x8
  INTERP         0x0000000000000318 0x0000000000000318 0x0000000000000318
                 0x000000000000001c 0x000000000000001c  R      0x1
      [Requesting program interpreter: /lib64/ld-linux-x86-64.so.2]
  LOAD           0x0000000000000000 0x0000000000000000 0x0000000000000000
                 0x00000000000006a8 0x00000000000006a8  R      0x1000
  LOAD           0x0000000000001000 0x0000000000001000 0x0000000000001000
                 0x00000000000001fd 0x00000000000001fd  R E    0x1000
  LOAD           0x0000000000002000 0x0000000000002000 0x0000000000002000
                 0x00000000000000fc 0x00000000000000fc  R      0x1000
  LOAD           0x0000000000002dd0 0x0000000000003dd0 0x0000000000003dd0
                 0x0000000000000260 0x0000000000000268  RW     0x1000
  DYNAMIC        0x0000000000002de0 0x0000000000003de0 0x0000000000003de0
                 0x00000000000001e0 0x00000000000001e0  RW     0x8
  NOTE           0x0000000000000338 0x0000000000000338 0x0000000000000338
                 0x0000000000000030 0x0000000000000030  R      0x8
  NOTE           0x0000000000000368 0x0000000000000368 0x0000000000000368
                 0x0000000000000020 0x0000000000000020  R      0x4
  GNU_PROPERTY   0x0000000000000338 0x0000000000000338 0x0000000000000338
                 0x0000000000000030 0x0000000000000030  R      0x8
  GNU_EH_FRAME   0x0000000000002024 0x0000000000002024 0x0000000000002024
                 0x000000000000002c 0x000000000000002c  R      0x4
  GNU_STACK      0x0000000000000000 0x0000000000000000 0x0000000000000000
                 0x0000000000000000 0x0000000000000000  RW     0x10
  GNU_RELRO      0x0000000000002dd0 0x0000000000003dd0 0x0000000000003dd0
                 0x0000000000000230 0x0000000000000230  R      0x1

 Section to Segment mapping:
  Segment Sections...
   00     
   01     .interp 
   02     .interp .note.gnu.property .note.ABI-tag .gnu.hash .dynsym .dynstr .gnu.version .gnu.version_r .rela.dyn .rela.plt 
   03     .init .plt .plt.got .text .fini 
   04     .rodata .eh_frame_hdr .eh_frame 
   05     .init_array .fini_array .dynamic .got .got.plt .data .bss 
   06     .dynamic 
   07     .note.gnu.property 
   08     .note.ABI-tag 
   09     .note.gnu.property 
   10     .eh_frame_hdr 
   11     
   12     .init_array .fini_array .dynamic .got 

Dynamic section at offset 0x2de0 contains 26 entries:
  Tag        Type                         Name/Value
 0x0000000000000001 (NEEDED)             Shared library: [libc.so.6]
 0x000000000000000c (INIT)               0x1000
 0x000000000000000d (FINI)               0x11f4
 0x0000000000000019 (INIT_ARRAY)         0x3dd0
 0x000000000000001b (INIT_ARRAYSZ)       8 (bytes)
 0x000000000000001a (FINI_ARRAY)         0x3dd8
 0x000000000000001c (FINI_ARRAYSZ)       8 (bytes)
 0x000000006ffffef5 (GNU_HASH)           0x388
 0x0000000000000005 (STRTAB)             0x4a0
 0x0000000000000006 (SYMTAB)             0x3b0
 0x000000000000000a (STRSZ)              160 (bytes)
 0x000000000000000b (SYMENT)             24 (bytes)
 0x0000000000000015 (DEBUG)              0x0
 0x0000000000000003 (PLTGOT)             0x3fe8
 0x0000000000000002 (PLTRELSZ)           96 (bytes)
 0x0000000000000014 (PLTREL)             RELA
 0x0000000000000017 (JMPREL)             0x648
 0x0000000000000007 (RELA)               0x588
 0x0000000000000008 (RELASZ)             192 (bytes)
 0x0000000000000009 (RELAENT)            24 (bytes)
 0x000000006ffffffb (FLAGS_1)            Flags: PIE
 0x000000006ffffffe (VERNEED)            0x558
 0x000000006fffffff (VERNEEDNUM)         1
 0x000000006ffffff0 (VERSYM)             0x540
 0x000000006ffffff9 (RELACOUNT)          3
 0x0000000000000000 (NULL)               0x0

Relocation section '.rela.dyn' at offset 0x588 contains 8 entries:
  Offset          Info           Type           Sym. Value    Sym. Name + Addend
000000003dd0  000000000008 R_X86_64_RELATIVE                    1160
000000003dd8  000000000008 R_X86_64_RELATIVE                    1120
000000004028  000000000008 R_X86_64_RELATIVE                    4028
000000003fc0  000200000006 R_X86_64_GLOB_DAT 0000000000000000 __libc_start_main@GLIBC_2.34 + 0
000000003fc8  000300000006 R_X86_64_GLOB_DAT 0000000000000000 _ITM_deregisterTM[...] + 0
000000003fd0  000600000006 R_X86_64_GLOB_DAT 0000000000000000 __gmon_start__ + 0
000000003fd8  000800000006 R_X86_64_GLOB_DAT 0000000000000000 _ITM_registerTMCl[...] + 0
000000003fe0  000900000006 R_X86_64_GLOB_DAT 0000000000000000 __cxa_finalize@GLIBC_2.2.5 + 0

Relocation section '.rela.plt' at offset 0x648 contains 4 entries:
  Offset          Info           Type           Sym. Value    Sym. Name + Addend
000000004000  000100000007 R_X86_64_JUMP_SLO 0000000000000000 free@GLIBC_2.2.5 + 0
000000004008  000400000007 R_X86_64_JUMP_SLO 0000000000000000 strcpy@GLIBC_2.2.5 + 0
000000004010  000500000007 R_X86_64_JUMP_SLO 0000000000000000 puts@GLIBC_2.2.5 + 0
000000004018  000700000007 R_X86_64_JUMP_SLO 0000000000000000 malloc@GLIBC_2.2.5 + 0
No processor specific unwind information to decode

Symbol table '.dynsym' contains 10 entries:
   Num:    Value          Size Type    Bind   Vis      Ndx Name
     0: 0000000000000000     0 NOTYPE  LOCAL  DEFAULT  UND 
     1: 0000000000000000     0 FUNC    GLOBAL DEFAULT  UND free@GLIBC_2.2.5 (2)
     2: 0000000000000000     0 FUNC    GLOBAL DEFAULT  UND _[...]@GLIBC_2.34 (3)
     3: 0000000000000000     0 NOTYPE  WEAK   DEFAULT  UND _ITM_deregisterT[...]
     4: 0000000000000000     0 FUNC    GLOBAL DEFAULT  UND [...]@GLIBC_2.2.5 (2)
     5: 0000000000000000     0 FUNC    GLOBAL DEFAULT  UND puts@GLIBC_2.2.5 (2)
     6: 0000000000000000     0 NOTYPE  WEAK   DEFAULT  UND __gmon_start__
     7: 0000000000000000     0 FUNC    GLOBAL DEFAULT  UND [...]@GLIBC_2.2.5 (2)
     8: 0000000000000000     0 NOTYPE  WEAK   DEFAULT  UND _ITM_registerTMC[...]
     9: 0000000000000000     0 FUNC    WEAK   DEFAULT  UND [...]@GLIBC_2.2.5 (2)

Symbol table '.symtab' contains 27 entries:
   Num:    Value          Size Type    Bind   Vis      Ndx Name
     0: 0000000000000000     0 NOTYPE  LOCAL  DEFAULT  UND 
     1: 0000000000000000     0 FILE    LOCAL  DEFAULT  ABS target.c
     2: 0000000000000000     0 FILE    LOCAL  DEFAULT  ABS 
     3: 0000000000003de0     0 OBJECT  LOCAL  DEFAULT   21 _DYNAMIC
     4: 0000000000002024     0 NOTYPE  LOCAL  DEFAULT   17 __GNU_EH_FRAME_HDR
     5: 0000000000003fe8     0 OBJECT  LOCAL  DEFAULT   23 _GLOBAL_OFFSET_TABLE_
     6: 0000000000000000     0 FUNC    GLOBAL DEFAULT  UND free@GLIBC_2.2.5
     7: 0000000000000000     0 FUNC    GLOBAL DEFAULT  UND __libc_start_mai[...]
     8: 0000000000000000     0 NOTYPE  WEAK   DEFAULT  UND _ITM_deregisterT[...]
     9: 0000000000004020     0 NOTYPE  WEAK   DEFAULT   24 data_start
    10: 0000000000000000     0 FUNC    GLOBAL DEFAULT  UND strcpy@GLIBC_2.2.5
    11: 0000000000000000     0 FUNC    GLOBAL DEFAULT  UND puts@GLIBC_2.2.5
    12: 0000000000004030     0 NOTYPE  GLOBAL DEFAULT   24 _edata
    13: 00000000000011f4     0 FUNC    GLOBAL HIDDEN    15 _fini
    14: 0000000000004020     0 NOTYPE  GLOBAL DEFAULT   24 __data_start
    15: 0000000000000000     0 NOTYPE  WEAK   DEFAULT  UND __gmon_start__
    16: 0000000000004028     0 OBJECT  GLOBAL HIDDEN    24 __dso_handle
    17: 0000000000002000     4 OBJECT  GLOBAL DEFAULT   16 _IO_stdin_used
    18: 0000000000000000     0 FUNC    GLOBAL DEFAULT  UND malloc@GLIBC_2.2.5
    19: 0000000000004038     0 NOTYPE  GLOBAL DEFAULT   25 _end
    20: 0000000000001080    34 FUNC    GLOBAL DEFAULT   14 _start
    21: 0000000000004030     0 NOTYPE  GLOBAL DEFAULT   25 __bss_start
    22: 0000000000001165   142 FUNC    GLOBAL DEFAULT   14 main
    23: 0000000000004030     0 OBJECT  GLOBAL HIDDEN    24 __TMC_END__
    24: 0000000000000000     0 NOTYPE  WEAK   DEFAULT  UND _ITM_registerTMC[...]
    25: 0000000000000000     0 FUNC    WEAK   DEFAULT  UND __cxa_finalize@G[...]
    26: 0000000000001000     0 FUNC    GLOBAL HIDDEN    11 _init

Histogram for `.gnu.hash' bucket list length (total of 2 buckets):
 Length  Number     % of total  Coverage
      0  1          ( 50.0%)
      1  1          ( 50.0%)    100.0%

Version symbols section '.gnu.version' contains 10 entries:
 Addr: 0x0000000000000540  Offset: 0x000540  Link: 5 (.dynsym)
  000:   0 (*local*)       2 (GLIBC_2.2.5)   3 (GLIBC_2.34)    1 (*global*)   
  004:   2 (GLIBC_2.2.5)   2 (GLIBC_2.2.5)   1 (*global*)      2 (GLIBC_2.2.5)
  008:   1 (*global*)      2 (GLIBC_2.2.5)

Version needs section '.gnu.version_r' contains 1 entry:
 Addr: 0x0000000000000558  Offset: 0x000558  Link: 6 (.dynstr)
  000000: Version: 1  File: libc.so.6  Cnt: 2
  0x0010:   Name: GLIBC_2.34  Flags: none  Version: 3
  0x0020:   Name: GLIBC_2.2.5  Flags: none  Version: 2

Displaying notes found in: .note.gnu.property
  Owner                Data size 	Description
  GNU                  0x00000020	NT_GNU_PROPERTY_TYPE_0
      Properties: x86 feature used: x86
	x86 ISA used: 

Displaying notes found in: .note.ABI-tag
  Owner                Data size 	Description
  GNU                  0x00000010	NT_GNU_ABI_TAG (ABI version tag)
    OS: Linux, ABI: 3.2.0
